This file contains any messages produced by compilers while
running configure, to aid debugging if configure makes a mistake.

It was created by MIBLab configure 0.9, which was
generated by GNU Autoconf 2.63.  Invocation command line was

  $ ./configure --prefix=/opt/miblab --with-opencv=/opt/opencv --with-lapack=/home/jphan/Projects/CodeTree/lapack-3.2.1 --with-boost=/home/jphan/Projects/CodeTree/boost_1_42_0

## --------- ##
## Platform. ##
## --------- ##

hostname = knn.bme.gatech.edu
uname -m = x86_64
uname -r = 2.6.32-358.18.1.el6.x86_64
uname -s = Linux
uname -v = #1 SMP Fri Aug 2 17:04:38 EDT 2013

/usr/bin/uname -p = unknown
/bin/uname -X     = unknown

/bin/arch              = x86_64
/usr/bin/arch -k       = unknown
/usr/convex/getsysinfo = unknown
/usr/bin/hostinfo      = unknown
/bin/machine           = unknown
/usr/bin/oslevel       = unknown
/bin/universe          = unknown

PATH: /usr/lib64/qt-3.3/bin
PATH: /usr/local/bin
PATH: /bin
PATH: /usr/bin
PATH: /usr/local/sbin
PATH: /usr/sbin
PATH: /sbin
PATH: /home/jphan/bin
PATH: /data/ngs/bin/bowtie
PATH: /data/ngs/bin/bowtie2
PATH: /data/ngs/bin/samtools


## ----------- ##
## Core tests. ##
## ----------- ##

configure:1911: checking for a BSD-compatible install
configure:1979: result: /usr/bin/install -c
configure:1990: checking whether build environment is sane
configure:2050: result: yes
configure:2191: checking for a thread-safe mkdir -p
configure:2230: result: /bin/mkdir -p
configure:2243: checking for gawk
configure:2259: found /bin/gawk
configure:2270: result: gawk
configure:2281: checking whether make sets $(MAKE)
configure:2303: result: yes
configure:2433: checking for ranlib
configure:2449: found /usr/bin/ranlib
configure:2460: result: ranlib
configure:2540: checking for g++
configure:2556: found /usr/bin/g++
configure:2567: result: g++
configure:2594: checking for C++ compiler version
configure:2602: g++ --version >&5
g++ (GCC) 4.4.7 20120313 (Red Hat 4.4.7-4)
Copyright (C) 2010 Free Software Foundation, Inc.
This is free software; see the source for copying conditions.  There is NO
warranty; not even for MERCHANTABILITY or FITNESS FOR A PARTICULAR PURPOSE.

configure:2606: $? = 0
configure:2613: g++ -v >&5
Using built-in specs.
Target: x86_64-redhat-linux
Configured with: ../configure --prefix=/usr --mandir=/usr/share/man --infodir=/usr/share/info --with-bugurl=http://bugzilla.redhat.com/bugzilla --enable-bootstrap --enable-shared --enable-threads=posix --enable-checking=release --with-system-zlib --enable-__cxa_atexit --disable-libunwind-exceptions --enable-gnu-unique-object --enable-languages=c,c++,objc,obj-c++,java,fortran,ada --enable-java-awt=gtk --disable-dssi --with-java-home=/usr/lib/jvm/java-1.5.0-gcj-1.5.0.0/jre --enable-libgcj-multifile --enable-java-maintainer-mode --with-ecj-jar=/usr/share/java/eclipse-ecj.jar --disable-libjava-multilib --with-ppl --with-cloog --with-tune=generic --with-arch_32=i686 --build=x86_64-redhat-linux
Thread model: posix
gcc version 4.4.7 20120313 (Red Hat 4.4.7-4) (GCC) 
configure:2617: $? = 0
configure:2624: g++ -V >&5
g++: '-V' option must have argument
configure:2628: $? = 1
configure:2651: checking for C++ compiler default output file name
configure:2673: g++    conftest.cpp  >&5
configure:2677: $? = 0
configure:2715: result: a.out
configure:2734: checking whether the C++ compiler works
configure:2744: ./a.out
configure:2748: $? = 0
configure:2767: result: yes
configure:2774: checking whether we are cross compiling
configure:2776: result: no
configure:2779: checking for suffix of executables
configure:2786: g++ -o conftest    conftest.cpp  >&5
configure:2790: $? = 0
configure:2816: result: 
configure:2822: checking for suffix of object files
configure:2848: g++ -c   conftest.cpp >&5
configure:2852: $? = 0
configure:2877: result: o
configure:2881: checking whether we are using the GNU C++ compiler
configure:2910: g++ -c   conftest.cpp >&5
configure:2917: $? = 0
configure:2934: result: yes
configure:2943: checking whether g++ accepts -g
configure:2973: g++ -c -g  conftest.cpp >&5
configure:2980: $? = 0
configure:3081: result: yes
configure:3115: checking for style of include used by make
configure:3143: result: GNU
configure:3168: checking dependency style of g++
configure:3278: result: gcc3
configure:3341: checking for gcc
configure:3357: found /usr/bin/gcc
configure:3368: result: gcc
configure:3600: checking for C compiler version
configure:3608: gcc --version >&5
gcc (GCC) 4.4.7 20120313 (Red Hat 4.4.7-4)
Copyright (C) 2010 Free Software Foundation, Inc.
This is free software; see the source for copying conditions.  There is NO
warranty; not even for MERCHANTABILITY or FITNESS FOR A PARTICULAR PURPOSE.

configure:3612: $? = 0
configure:3619: gcc -v >&5
Using built-in specs.
Target: x86_64-redhat-linux
Configured with: ../configure --prefix=/usr --mandir=/usr/share/man --infodir=/usr/share/info --with-bugurl=http://bugzilla.redhat.com/bugzilla --enable-bootstrap --enable-shared --enable-threads=posix --enable-checking=release --with-system-zlib --enable-__cxa_atexit --disable-libunwind-exceptions --enable-gnu-unique-object --enable-languages=c,c++,objc,obj-c++,java,fortran,ada --enable-java-awt=gtk --disable-dssi --with-java-home=/usr/lib/jvm/java-1.5.0-gcj-1.5.0.0/jre --enable-libgcj-multifile --enable-java-maintainer-mode --with-ecj-jar=/usr/share/java/eclipse-ecj.jar --disable-libjava-multilib --with-ppl --with-cloog --with-tune=generic --with-arch_32=i686 --build=x86_64-redhat-linux
Thread model: posix
gcc version 4.4.7 20120313 (Red Hat 4.4.7-4) (GCC) 
configure:3623: $? = 0
configure:3630: gcc -V >&5
gcc: '-V' option must have argument
configure:3634: $? = 1
configure:3637: checking whether we are using the GNU C compiler
configure:3666: gcc -c   conftest.c >&5
configure:3673: $? = 0
configure:3690: result: yes
configure:3699: checking whether gcc accepts -g
configure:3729: gcc -c -g  conftest.c >&5
configure:3736: $? = 0
configure:3837: result: yes
configure:3854: checking for gcc option to accept ISO C89
configure:3928: gcc  -c -g -O2  conftest.c >&5
configure:3935: $? = 0
configure:3958: result: none needed
configure:3978: checking dependency style of gcc
configure:4088: result: gcc3
configure:4112: checking how to run the C preprocessor
configure:4152: gcc -E  conftest.c
configure:4159: $? = 0
configure:4190: gcc -E  conftest.c
conftest.c:10:28: error: ac_nonexistent.h: No such file or directory
configure:4197: $? = 1
configure: failed program was:
| /* confdefs.h.  */
| #define PACKAGE_NAME "MIBLab"
| #define PACKAGE_TARNAME "miblab"
| #define PACKAGE_VERSION "0.9"
| #define PACKAGE_STRING "MIBLab 0.9"
| #define PACKAGE_BUGREPORT "jhphan@gmail.com"
| #define PACKAGE "MIBLab"
| #define VERSION "0.9"
| /* end confdefs.h.  */
| #include <ac_nonexistent.h>
configure:4230: result: gcc -E
configure:4259: gcc -E  conftest.c
configure:4266: $? = 0
configure:4297: gcc -E  conftest.c
conftest.c:10:28: error: ac_nonexistent.h: No such file or directory
configure:4304: $? = 1
configure: failed program was:
| /* confdefs.h.  */
| #define PACKAGE_NAME "MIBLab"
| #define PACKAGE_TARNAME "miblab"
| #define PACKAGE_VERSION "0.9"
| #define PACKAGE_STRING "MIBLab 0.9"
| #define PACKAGE_BUGREPORT "jhphan@gmail.com"
| #define PACKAGE "MIBLab"
| #define VERSION "0.9"
| /* end confdefs.h.  */
| #include <ac_nonexistent.h>
configure:4344: checking for grep that handles long lines and -e
configure:4404: result: /bin/grep
configure:4409: checking for egrep
configure:4473: result: /bin/grep -E
configure:4478: checking for ANSI C header files
configure:4508: gcc -c -g -O2  conftest.c >&5
configure:4515: $? = 0
configure:4614: gcc -o conftest -g -O2   conftest.c  >&5
configure:4618: $? = 0
configure:4624: ./conftest
configure:4628: $? = 0
configure:4646: result: yes
configure:4670: checking for sys/types.h
configure:4691: gcc -c -g -O2  conftest.c >&5
configure:4698: $? = 0
configure:4715: result: yes
configure:4670: checking for sys/stat.h
configure:4691: gcc -c -g -O2  conftest.c >&5
configure:4698: $? = 0
configure:4715: result: yes
configure:4670: checking for stdlib.h
configure:4691: gcc -c -g -O2  conftest.c >&5
configure:4698: $? = 0
configure:4715: result: yes
configure:4670: checking for string.h
configure:4691: gcc -c -g -O2  conftest.c >&5
configure:4698: $? = 0
configure:4715: result: yes
configure:4670: checking for memory.h
configure:4691: gcc -c -g -O2  conftest.c >&5
configure:4698: $? = 0
configure:4715: result: yes
configure:4670: checking for strings.h
configure:4691: gcc -c -g -O2  conftest.c >&5
configure:4698: $? = 0
configure:4715: result: yes
configure:4670: checking for inttypes.h
configure:4691: gcc -c -g -O2  conftest.c >&5
configure:4698: $? = 0
configure:4715: result: yes
configure:4670: checking for stdint.h
configure:4691: gcc -c -g -O2  conftest.c >&5
configure:4698: $? = 0
configure:4715: result: yes
configure:4670: checking for unistd.h
configure:4691: gcc -c -g -O2  conftest.c >&5
configure:4698: $? = 0
configure:4715: result: yes
configure:4736: checking for stdlib.h
configure:4743: result: yes
configure:4736: checking for string.h
configure:4743: result: yes
configure:4747: checking sys/time.h usability
configure:4764: gcc -c -g -O2  conftest.c >&5
configure:4771: $? = 0
configure:4785: result: yes
configure:4789: checking sys/time.h presence
configure:4804: gcc -E  conftest.c
configure:4811: $? = 0
configure:4825: result: yes
configure:4858: checking for sys/time.h
configure:4867: result: yes
configure:4884: checking for stdbool.h that conforms to C99
configure:4979: gcc -c -g -O2  conftest.c >&5
configure:4986: $? = 0
configure:5001: result: yes
configure:5003: checking for _Bool
configure:5031: gcc -c -g -O2  conftest.c >&5
configure:5038: $? = 0
configure:5065: gcc -c -g -O2  conftest.c >&5
conftest.c: In function 'main':
conftest.c:59: error: expected expression before ')' token
configure:5072: $? = 1
configure: failed program was:
| /* confdefs.h.  */
| #define PACKAGE_NAME "MIBLab"
| #define PACKAGE_TARNAME "miblab"
| #define PACKAGE_VERSION "0.9"
| #define PACKAGE_STRING "MIBLab 0.9"
| #define PACKAGE_BUGREPORT "jhphan@gmail.com"
| #define PACKAGE "MIBLab"
| #define VERSION "0.9"
| #define STDC_HEADERS 1
| #define HAVE_SYS_TYPES_H 1
| #define HAVE_SYS_STAT_H 1
| #define HAVE_STDLIB_H 1
| #define HAVE_STRING_H 1
| #define HAVE_MEMORY_H 1
| #define HAVE_STRINGS_H 1
| #define HAVE_INTTYPES_H 1
| #define HAVE_STDINT_H 1
| #define HAVE_UNISTD_H 1
| #define HAVE_STDLIB_H 1
| #define HAVE_STRING_H 1
| #define HAVE_SYS_TIME_H 1
| /* end confdefs.h.  */
| #include <stdio.h>
| #ifdef HAVE_SYS_TYPES_H
| # include <sys/types.h>
| #endif
| #ifdef HAVE_SYS_STAT_H
| # include <sys/stat.h>
| #endif
| #ifdef STDC_HEADERS
| # include <stdlib.h>
| # include <stddef.h>
| #else
| # ifdef HAVE_STDLIB_H
| #  include <stdlib.h>
| # endif
| #endif
| #ifdef HAVE_STRING_H
| # if !defined STDC_HEADERS && defined HAVE_MEMORY_H
| #  include <memory.h>
| # endif
| # include <string.h>
| #endif
| #ifdef HAVE_STRINGS_H
| # include <strings.h>
| #endif
| #ifdef HAVE_INTTYPES_H
| # include <inttypes.h>
| #endif
| #ifdef HAVE_STDINT_H
| # include <stdint.h>
| #endif
| #ifdef HAVE_UNISTD_H
| # include <unistd.h>
| #endif
| int
| main ()
| {
| if (sizeof ((_Bool)))
| 	  return 0;
|   ;
|   return 0;
| }
configure:5095: result: yes
configure:5114: checking for an ANSI C-conforming const
configure:5189: gcc -c -g -O2  conftest.c >&5
configure:5196: $? = 0
configure:5211: result: yes
configure:5221: checking whether time.h and sys/time.h may both be included
configure:5251: gcc -c -g -O2  conftest.c >&5
configure:5258: $? = 0
configure:5273: result: yes
configure:5291: checking for gettimeofday
configure:5347: gcc -o conftest -g -O2   conftest.c  >&5
configure:5354: $? = 0
configure:5376: result: yes
configure:5291: checking for sqrt
configure:5347: gcc -o conftest -g -O2   conftest.c  >&5
conftest.c:50: warning: conflicting types for built-in function 'sqrt'
/tmp/ccmYyGxS.o: In function `main':
/home/jphan/Projects/CodeTree/miblab_library/conftest.c:61: undefined reference to `sqrt'
collect2: ld returned 1 exit status
configure:5354: $? = 1
configure: failed program was:
| /* confdefs.h.  */
| #define PACKAGE_NAME "MIBLab"
| #define PACKAGE_TARNAME "miblab"
| #define PACKAGE_VERSION "0.9"
| #define PACKAGE_STRING "MIBLab 0.9"
| #define PACKAGE_BUGREPORT "jhphan@gmail.com"
| #define PACKAGE "MIBLab"
| #define VERSION "0.9"
| #define STDC_HEADERS 1
| #define HAVE_SYS_TYPES_H 1
| #define HAVE_SYS_STAT_H 1
| #define HAVE_STDLIB_H 1
| #define HAVE_STRING_H 1
| #define HAVE_MEMORY_H 1
| #define HAVE_STRINGS_H 1
| #define HAVE_INTTYPES_H 1
| #define HAVE_STDINT_H 1
| #define HAVE_UNISTD_H 1
| #define HAVE_STDLIB_H 1
| #define HAVE_STRING_H 1
| #define HAVE_SYS_TIME_H 1
| #define HAVE__BOOL 1
| #define HAVE_STDBOOL_H 1
| #define TIME_WITH_SYS_TIME 1
| #define HAVE_GETTIMEOFDAY 1
| /* end confdefs.h.  */
| /* Define sqrt to an innocuous variant, in case <limits.h> declares sqrt.
|    For example, HP-UX 11i <limits.h> declares gettimeofday.  */
| #define sqrt innocuous_sqrt
| 
| /* System header to define __stub macros and hopefully few prototypes,
|     which can conflict with char sqrt (); below.
|     Prefer <limits.h> to <assert.h> if __STDC__ is defined, since
|     <limits.h> exists even on freestanding compilers.  */
| 
| #ifdef __STDC__
| # include <limits.h>
| #else
| # include <assert.h>
| #endif
| 
| #undef sqrt
| 
| /* Override any GCC internal prototype to avoid an error.
|    Use char because int might match the return type of a GCC
|    builtin and then its argument prototype would still apply.  */
| #ifdef __cplusplus
| extern "C"
| #endif
| char sqrt ();
| /* The GNU C library defines this for functions which it implements
|     to always fail with ENOSYS.  Some functions are actually named
|     something starting with __ and the normal name is an alias.  */
| #if defined __stub_sqrt || defined __stub___sqrt
| choke me
| #endif
| 
| int
| main ()
| {
| return sqrt ();
|   ;
|   return 0;
| }
configure:5376: result: no
configure:5291: checking for sysinfo
configure:5347: gcc -o conftest -g -O2   conftest.c  >&5
configure:5354: $? = 0
configure:5376: result: yes
configure:5652: creating ./config.status

## ---------------------- ##
## Running config.status. ##
## ---------------------- ##

This file was extended by MIBLab config.status 0.9, which was
generated by GNU Autoconf 2.63.  Invocation command line was

  CONFIG_FILES    = 
  CONFIG_HEADERS  = 
  CONFIG_LINKS    = 
  CONFIG_COMMANDS = 
  $ ./config.status 

on knn.bme.gatech.edu

config.status:718: creating Makefile
config.status:718: creating include/Makefile
config.status:718: creating libsvm-2.8/Makefile
config.status:718: creating liblr/Makefile
config.status:718: creating lib/Makefile
config.status:718: creating src/Makefile
config.status:929: executing depfiles commands

## ---------------- ##
## Cache variables. ##
## ---------------- ##

ac_cv_c_compiler_gnu=yes
ac_cv_c_const=yes
ac_cv_cxx_compiler_gnu=yes
ac_cv_env_CCC_set=
ac_cv_env_CCC_value=
ac_cv_env_CC_set=
ac_cv_env_CC_value=
ac_cv_env_CFLAGS_set=
ac_cv_env_CFLAGS_value=
ac_cv_env_CPPFLAGS_set=
ac_cv_env_CPPFLAGS_value=
ac_cv_env_CPP_set=
ac_cv_env_CPP_value=
ac_cv_env_CXXFLAGS_set=
ac_cv_env_CXXFLAGS_value=
ac_cv_env_CXX_set=
ac_cv_env_CXX_value=
ac_cv_env_LDFLAGS_set=
ac_cv_env_LDFLAGS_value=
ac_cv_env_LIBS_set=
ac_cv_env_LIBS_value=
ac_cv_env_build_alias_set=
ac_cv_env_build_alias_value=
ac_cv_env_host_alias_set=
ac_cv_env_host_alias_value=
ac_cv_env_target_alias_set=
ac_cv_env_target_alias_value=
ac_cv_func_gettimeofday=yes
ac_cv_func_sqrt=no
ac_cv_func_sysinfo=yes
ac_cv_header_inttypes_h=yes
ac_cv_header_memory_h=yes
ac_cv_header_stdbool_h=yes
ac_cv_header_stdc=yes
ac_cv_header_stdint_h=yes
ac_cv_header_stdlib_h=yes
ac_cv_header_string_h=yes
ac_cv_header_strings_h=yes
ac_cv_header_sys_stat_h=yes
ac_cv_header_sys_time_h=yes
ac_cv_header_sys_types_h=yes
ac_cv_header_time=yes
ac_cv_header_unistd_h=yes
ac_cv_objext=o
ac_cv_path_EGREP='/bin/grep -E'
ac_cv_path_GREP=/bin/grep
ac_cv_path_install='/usr/bin/install -c'
ac_cv_path_mkdir=/bin/mkdir
ac_cv_prog_AWK=gawk
ac_cv_prog_CPP='gcc -E'
ac_cv_prog_ac_ct_CC=gcc
ac_cv_prog_ac_ct_CXX=g++
ac_cv_prog_ac_ct_RANLIB=ranlib
ac_cv_prog_cc_c89=
ac_cv_prog_cc_g=yes
ac_cv_prog_cxx_g=yes
ac_cv_prog_make_make_set=yes
ac_cv_type__Bool=yes
am_cv_CC_dependencies_compiler_type=gcc3
am_cv_CXX_dependencies_compiler_type=gcc3

## ----------------- ##
## Output variables. ##
## ----------------- ##

ACLOCAL='${SHELL} /home/jphan/Projects/CodeTree/miblab_library/missing --run aclocal-1.11'
AMDEPBACKSLASH='\'
AMDEP_FALSE='#'
AMDEP_TRUE=''
AMTAR='${SHELL} /home/jphan/Projects/CodeTree/miblab_library/missing --run tar'
AUTOCONF='${SHELL} /home/jphan/Projects/CodeTree/miblab_library/missing --run autoconf'
AUTOHEADER='${SHELL} /home/jphan/Projects/CodeTree/miblab_library/missing --run autoheader'
AUTOMAKE='${SHELL} /home/jphan/Projects/CodeTree/miblab_library/missing --run automake-1.11'
AWK='gawk'
BOOST='/home/jphan/Projects/CodeTree/boost_1_42_0'
CC='gcc'
CCDEPMODE='depmode=gcc3'
CFLAGS='-g -O2'
CPP='gcc -E'
CPPFLAGS=''
CXX='g++'
CXXDEPMODE='depmode=gcc3'
CXXFLAGS='-g -O2'
CYGPATH_W='echo'
DEFS='-DPACKAGE_NAME=\"MIBLab\" -DPACKAGE_TARNAME=\"miblab\" -DPACKAGE_VERSION=\"0.9\" -DPACKAGE_STRING=\"MIBLab\ 0.9\" -DPACKAGE_BUGREPORT=\"jhphan@gmail.com\" -DPACKAGE=\"MIBLab\" -DVERSION=\"0.9\" -DSTDC_HEADERS=1 -DHAVE_SYS_TYPES_H=1 -DHAVE_SYS_STAT_H=1 -DHAVE_STDLIB_H=1 -DHAVE_STRING_H=1 -DHAVE_MEMORY_H=1 -DHAVE_STRINGS_H=1 -DHAVE_INTTYPES_H=1 -DHAVE_STDINT_H=1 -DHAVE_UNISTD_H=1 -DHAVE_STDLIB_H=1 -DHAVE_STRING_H=1 -DHAVE_SYS_TIME_H=1 -DHAVE__BOOL=1 -DHAVE_STDBOOL_H=1 -DTIME_WITH_SYS_TIME=1 -DHAVE_GETTIMEOFDAY=1 -DHAVE_SYSINFO=1'
DEPDIR='.deps'
ECHO_C=''
ECHO_N='-n'
ECHO_T=''
EGREP='/bin/grep -E'
EXEEXT=''
GREP='/bin/grep'
HAS_BOOST_FALSE='#'
HAS_BOOST_TRUE=''
HAS_LAPACK_FALSE='#'
HAS_LAPACK_TRUE=''
HAS_OPENCV_FALSE='#'
HAS_OPENCV_TRUE=''
HAS_TSNNLS_FALSE=''
HAS_TSNNLS_TRUE='#'
INSTALL_DATA='${INSTALL} -m 644'
INSTALL_PROGRAM='${INSTALL}'
INSTALL_SCRIPT='${INSTALL}'
INSTALL_STRIP_PROGRAM='$(install_sh) -c -s'
LAPACK='/home/jphan/Projects/CodeTree/lapack-3.2.1'
LDFLAGS=''
LIBOBJS=''
LIBS=''
LTLIBOBJS=''
MAKEINFO='${SHELL} /home/jphan/Projects/CodeTree/miblab_library/missing --run makeinfo'
MKDIR_P='/bin/mkdir -p'
OBJEXT='o'
OPENCV='/opt/opencv'
PACKAGE='MIBLab'
PACKAGE_BUGREPORT='jhphan@gmail.com'
PACKAGE_NAME='MIBLab'
PACKAGE_STRING='MIBLab 0.9'
PACKAGE_TARNAME='miblab'
PACKAGE_VERSION='0.9'
PATH_SEPARATOR=':'
RANLIB='ranlib'
SET_MAKE=''
SHELL='/bin/sh'
STRIP=''
TSNNLS=''
VERSION='0.9'
ac_ct_CC='gcc'
ac_ct_CXX='g++'
am__EXEEXT_FALSE=''
am__EXEEXT_TRUE='#'
am__fastdepCC_FALSE='#'
am__fastdepCC_TRUE=''
am__fastdepCXX_FALSE='#'
am__fastdepCXX_TRUE=''
am__include='include'
am__isrc=''
am__leading_dot='.'
am__quote=''
am__tar='${AMTAR} chof - "$$tardir"'
am__untar='${AMTAR} xf -'
bindir='${exec_prefix}/bin'
build_alias=''
datadir='${datarootdir}'
datarootdir='${prefix}/share'
docdir='${datarootdir}/doc/${PACKAGE_TARNAME}'
dvidir='${docdir}'
exec_prefix='${prefix}'
host_alias=''
htmldir='${docdir}'
includedir='${prefix}/include'
infodir='${datarootdir}/info'
install_sh='${SHELL} /home/jphan/Projects/CodeTree/miblab_library/install-sh'
libdir='${exec_prefix}/lib'
libexecdir='${exec_prefix}/libexec'
localedir='${datarootdir}/locale'
localstatedir='${prefix}/var'
mandir='${datarootdir}/man'
mkdir_p='/bin/mkdir -p'
oldincludedir='/usr/include'
pdfdir='${docdir}'
prefix='/opt/miblab'
program_transform_name='s,x,x,'
psdir='${docdir}'
sbindir='${exec_prefix}/sbin'
sharedstatedir='${prefix}/com'
sysconfdir='${prefix}/etc'
target_alias=''

## ----------- ##
## confdefs.h. ##
## ----------- ##

#define PACKAGE_NAME "MIBLab"
#define PACKAGE_TARNAME "miblab"
#define PACKAGE_VERSION "0.9"
#define PACKAGE_STRING "MIBLab 0.9"
#define PACKAGE_BUGREPORT "jhphan@gmail.com"
#define PACKAGE "MIBLab"
#define VERSION "0.9"
#define STDC_HEADERS 1
#define HAVE_SYS_TYPES_H 1
#define HAVE_SYS_STAT_H 1
#define HAVE_STDLIB_H 1
#define HAVE_STRING_H 1
#define HAVE_MEMORY_H 1
#define HAVE_STRINGS_H 1
#define HAVE_INTTYPES_H 1
#define HAVE_STDINT_H 1
#define HAVE_UNISTD_H 1
#define HAVE_STDLIB_H 1
#define HAVE_STRING_H 1
#define HAVE_SYS_TIME_H 1
#define HAVE__BOOL 1
#define HAVE_STDBOOL_H 1
#define TIME_WITH_SYS_TIME 1
#define HAVE_GETTIMEOFDAY 1
#define HAVE_SYSINFO 1

configure: exit 0
